c:\users\soarc\onedrive\desktop\iwanttokillmyself\gremlin spoofer\gremlin spoofer\x64\release\vc142.pdb
c:\users\soarc\onedrive\desktop\iwanttokillmyself\gremlin spoofer\gremlin spoofer\x64\release\utils.obj
c:\users\soarc\onedrive\desktop\iwanttokillmyself\gremlin spoofer\gremlin spoofer\x64\release\service.obj
c:\users\soarc\onedrive\desktop\iwanttokillmyself\gremlin spoofer\gremlin spoofer\x64\release\portable_executable.obj
c:\users\soarc\onedrive\desktop\iwanttokillmyself\gremlin spoofer\gremlin spoofer\x64\release\main.obj
c:\users\soarc\onedrive\desktop\iwanttokillmyself\gremlin spoofer\gremlin spoofer\x64\release\kdmapper.obj
c:\users\soarc\onedrive\desktop\iwanttokillmyself\gremlin spoofer\gremlin spoofer\x64\release\intel_driver.obj
c:\users\soarc\onedrive\desktop\iwanttokillmyself\gremlin spoofer\x64\release\swoofer.exe
c:\users\soarc\onedrive\desktop\iwanttokillmyself\gremlin spoofer\gremlin spoofer\x64\release\swoofer.ipdb
c:\users\soarc\onedrive\desktop\iwanttokillmyself\gremlin spoofer\gremlin spoofer\x64\release\swoofer.iobj
c:\users\soarc\onedrive\desktop\iwanttokillmyself\gremlin spoofer\x64\release\swoofer.pdb
c:\users\soarc\onedrive\desktop\iwanttokillmyself\gremlin spoofer\gremlin spoofer\x64\release\util.obj
c:\users\soarc\onedrive\desktop\iwanttokillmyself\gremlin spoofer\gremlin spoofer\x64\release\gremlin spoofer.ipdb
c:\users\soarc\onedrive\desktop\iwanttokillmyself\gremlin spoofer\gremlin spoofer\x64\release\gremlin spoofer.iobj
c:\users\soarc\onedrive\desktop\iwanttokillmyself\gremlin spoofer\gremlin spoofer\x64\release\soar-spoof.tlog\cl.command.1.tlog
c:\users\soarc\onedrive\desktop\iwanttokillmyself\gremlin spoofer\gremlin spoofer\x64\release\soar-spoof.tlog\cl.read.1.tlog
c:\users\soarc\onedrive\desktop\iwanttokillmyself\gremlin spoofer\gremlin spoofer\x64\release\soar-spoof.tlog\cl.write.1.tlog
c:\users\soarc\onedrive\desktop\iwanttokillmyself\gremlin spoofer\gremlin spoofer\x64\release\soar-spoof.tlog\link.command.1.tlog
c:\users\soarc\onedrive\desktop\iwanttokillmyself\gremlin spoofer\gremlin spoofer\x64\release\soar-spoof.tlog\link.read.1.tlog
c:\users\soarc\onedrive\desktop\iwanttokillmyself\gremlin spoofer\gremlin spoofer\x64\release\soar-spoof.tlog\link.write.1.tlog
